<?xml version="1.0" encoding="UTF-8"?>
<persistence xmlns="http://java.sun.com/xml/ns/persistence" version="2.0">
    <persistence-unit name="PostgreSQL_Test_PU">
        <provider>org.hibernate.jpa.HibernatePersistenceProvider</provider>

        <class>entities.Account</class>

        <properties>
            <property name="hibernate.dialect" value="org.hibernate.dialect.PostgreSQL82Dialect" />
            <property name="hibernate.connection.datasource" value="jdbc/JEAPostgreSQLTestPool"/>
            <property name="javax.persistence.schema-generation.database.action" value="drop-and-create"/>
            <property name="hibernate.transaction.jta.platform" value="org.hibernate.service.jta.platform.internal.SunOneJtaPlatform"/>
            <!--Optional for showing the executed SQL statements-->
            <property name="hibernate.show_sql" value="true" />
        </properties>
    </persistence-unit>
</persistence>